[23:20:23] [ServerMain/INFO]: [bootstrap] Running Java 21 (OpenJDK 64-Bit Server VM 21.0.2+13-58; Oracle Corporation null) on Linux 6.1.91-060191-generic (amd64)
[23:20:23] [ServerMain/INFO]: [bootstrap] Loading Paper 1.21.1-132-ver/1.21.1@b48403b (2024-11-21T10:14:27Z) for Minecraft 1.21.1
[23:20:23] [ServerMain/INFO]: [PluginInitializerManager] Initializing plugins...
[23:20:24] [ServerMain/INFO]: [PluginInitializerManager] Initialized 1 plugin
[23:20:24] [ServerMain/INFO]: [PluginInitializerManager] Bukkit plugins (1):
 - voicechat (2.5.26)
[23:20:29] [ServerMain/INFO]: Environment: Environment[sessionHost=https://sessionserver.mojang.com, servicesHost=https://api.minecraftservices.com, name=PROD]
[23:20:32] [ServerMain/INFO]: Loaded 1290 recipes
[23:20:32] [ServerMain/INFO]: Loaded 1399 advancements
[23:20:32] [Server thread/INFO]: Starting minecraft server version 1.21.1
[23:20:32] [Server thread/INFO]: Loading properties
[23:20:32] [Server thread/INFO]: This server is running Paper version 1.21.1-132-ver/1.21.1@b48403b (2024-11-21T10:14:27Z) (Implementing API version 1.21.1-R0.1-SNAPSHOT)
[23:20:33] [Server thread/INFO]: [spark] This server bundles the spark profiler. For more information please visit https://docs.papermc.io/paper/profiling
[23:20:33] [Server thread/INFO]: Server Ping Player Sample Count: 12
[23:20:33] [Server thread/INFO]: Using 4 threads for Netty based IO
[23:20:35] [Server thread/INFO]: [ChunkTaskScheduler] Chunk system is using 1 I/O threads, 1 worker threads, and population gen parallelism of 1 threads
[23:20:35] [Server thread/INFO]: Default game type: SURVIVAL
[23:20:35] [Server thread/INFO]: Generating keypair
[23:20:35] [Server thread/INFO]: Starting Minecraft server on *:25565
[23:20:35] [Server thread/INFO]: Using epoll channel type
[23:20:35] [Server thread/INFO]: Paper: Using libdeflate (Linux x86_64) compression from Velocity.
[23:20:35] [Server thread/INFO]: Paper: Using OpenSSL 3.x.x (Linux x86_64) cipher from Velocity.
[23:20:36] [Server thread/INFO]: [voicechat] Loading server plugin voicechat v2.5.26
[23:20:36] [Server thread/INFO]: Server permissions file permissions.yml is empty, ignoring it
[23:20:36] [Server thread/WARN]: **** SERVER IS RUNNING IN OFFLINE/INSECURE MODE!
[23:20:36] [Server thread/WARN]: The server will make no attempt to authenticate usernames. Beware.
[23:20:36] [Server thread/WARN]: While this makes the game possible to play without internet access, it also opens up the ability for hackers to connect with any username they choose.
[23:20:36] [Server thread/WARN]: To change this, set "online-mode" to "true" in the server.properties file.
[23:20:36] [Server thread/INFO]: Preparing level "world"
[23:20:36] [Server thread/INFO]: Preparing start region for dimension minecraft:overworld
[23:20:38] [Server thread/INFO]: Time elapsed: 1713 ms
[23:20:38] [Server thread/INFO]: Preparing start region for dimension minecraft:the_nether
[23:20:38] [Server thread/INFO]: Time elapsed: 273 ms
[23:20:38] [Server thread/INFO]: Preparing start region for dimension minecraft:the_end
[23:20:38] [Server thread/INFO]: Time elapsed: 168 ms
[23:20:38] [Server thread/INFO]: [voicechat] Enabling voicechat v2.5.26
[23:20:38] [Server thread/INFO]: [voicechat] Initializing compatibility for Bukkit version 1.21.1-R0.1
[23:20:38] [Server thread/INFO]: [voicechat] Compatibility version 18
[23:20:39] [Server thread/INFO]: [voicechat] Successfully initialized commodore command completion
[23:20:39] [Server thread/INFO]: [spark] Starting background profiler...
[23:20:39] [Server thread/INFO]: Done preparing level "world" (3.237s)
[23:20:39] [Server thread/INFO]: Running delayed init tasks
[23:20:39] [Server thread/INFO]: Done (16.575s)! For help, type "help"
[23:20:39] [Server thread/INFO]: Timings Reset
[23:20:39] [Server thread/INFO]: [voicechat] Loading plugins
[23:20:39] [Server thread/INFO]: [voicechat] Loaded 0 plugin(s)
[23:20:39] [Server thread/INFO]: [voicechat] Initializing plugins
[23:20:39] [Server thread/INFO]: [voicechat] Initialized 0 plugin(s)
[23:20:39] [Server thread/WARN]: [voicechat] Running in offline mode - Voice chat encryption is not secure!
[23:20:39] [VoiceChatServerThread/INFO]: [voicechat] Voice host is '147.185.221.24'
[23:20:39] [VoiceChatServerThread/INFO]: [voicechat] Voice chat server started at port 2582
[23:20:47] [User Authenticator #0/INFO]: UUID of player Raijinn is f76ea4a2-37f5-330c-83c4-e99f8f54c6cc
[23:20:49] [Server thread/INFO]: Raijinn joined the game
[23:20:50] [Server thread/INFO]: Raijinn[/127.150.13.143:43407] logged in with entity id 17 at ([world]-95.61340807094146, 64.0, 162.34494945399152)
[23:20:50] [Server thread/INFO]: [voicechat] Received secret request of Raijinn (18)
[23:20:50] [Server thread/INFO]: [voicechat] Sent secret to Raijinn
[23:20:50] [VoiceChatPacketProcessingThread/INFO]: [voicechat] Successfully authenticated player f76ea4a2-37f5-330c-83c4-e99f8f54c6cc
[23:20:51] [VoiceChatPacketProcessingThread/INFO]: [voicechat] Successfully validated connection of player f76ea4a2-37f5-330c-83c4-e99f8f54c6cc
[23:20:51] [VoiceChatPacketProcessingThread/INFO]: [voicechat] Player Raijinn (f76ea4a2-37f5-330c-83c4-e99f8f54c6cc) successfully connected to voice chat
[23:21:17] [Server thread/INFO]: Raijinn lost connection: Disconnected
[23:21:17] [Server thread/INFO]: [voicechat] Disconnecting client Raijinn
[23:21:17] [Server thread/INFO]: Raijinn left the game
[23:21:27] [Server thread/INFO]: Stopping the server
[23:21:27] [Server thread/INFO]: Stopping server
[23:21:27] [Server thread/INFO]: [voicechat] Disabling voicechat v2.5.26
[23:21:27] [Server thread/INFO]: Saving players
[23:21:27] [Server thread/INFO]: Saving worlds
[23:21:27] [Server thread/INFO]: Saving chunks for level 'ServerLevel[world]'/minecraft:overworld
[23:21:27] [Server thread/INFO]: [ChunkHolderManager] Waiting 60s for chunk system to halt for world 'world'
[23:21:27] [Server thread/INFO]: [ChunkHolderManager] Halted chunk system for world 'world'
[23:21:27] [Server thread/INFO]: [ChunkHolderManager] Saving all chunkholders for world 'world'
[23:21:28] [Server thread/INFO]: [ChunkHolderManager] Saved 381 block chunks, 381 entity chunks, 0 poi chunks in world 'world' in 0.72s
[23:21:28] [Server thread/INFO]: Saving chunks for level 'ServerLevel[world_nether]'/minecraft:the_nether
[23:21:28] [Server thread/INFO]: [ChunkHolderManager] Waiting 60s for chunk system to halt for world 'world_nether'
[23:21:28] [Server thread/INFO]: [ChunkHolderManager] Halted chunk system for world 'world_nether'
[23:21:28] [Server thread/INFO]: [ChunkHolderManager] Saving all chunkholders for world 'world_nether'
[23:21:28] [Server thread/INFO]: [ChunkHolderManager] Saved 49 block chunks, 49 entity chunks, 0 poi chunks in world 'world_nether' in 0.07s
[23:21:28] [Server thread/INFO]: Saving chunks for level 'ServerLevel[world_the_end]'/minecraft:the_end
[23:21:28] [Server thread/INFO]: [ChunkHolderManager] Waiting 60s for chunk system to halt for world 'world_the_end'
[23:21:28] [Server thread/INFO]: [ChunkHolderManager] Halted chunk system for world 'world_the_end'
[23:21:28] [Server thread/INFO]: [ChunkHolderManager] Saving all chunkholders for world 'world_the_end'
[23:21:28] [Server thread/INFO]: [ChunkHolderManager] Saved 49 block chunks, 49 entity chunks, 0 poi chunks in world 'world_the_end' in 0.02s
[23:21:28] [Server thread/INFO]: ThreadedAnvilChunkStorage (world): All chunks are saved
[23:21:28] [Server thread/INFO]: ThreadedAnvilChunkStorage (DIM-1): All chunks are saved
[23:21:28] [Server thread/INFO]: ThreadedAnvilChunkStorage (DIM1): All chunks are saved
[23:21:28] [Server thread/INFO]: ThreadedAnvilChunkStorage: All dimensions are saved
